<?xml version="1.0" encoding="UTF-8"?>
<!-- Generated by org.testng.reporters.JUnitReportReporter -->
<testsuite hostname="DESKTOP-U6KPM7I" failures="0" tests="1" name="com.Testcases.ProductTest" time="55.916" errors="0" timestamp="2023-09-15T10:19:21 IST" skipped="0">
  <testcase classname="com.Testcases.ProductTest" name="verifyurl" time="55.916"/>
</testsuite> <!-- com.Testcases.ProductTest -->
