<?xml version="1.0" encoding="UTF-8"?>
<!-- Generated by org.testng.reporters.JUnitReportReporter -->
<testsuite hostname="DESKTOP-U6KPM7I" failures="0" tests="1" name="com.Testcases.Edit_ProfileTestjava" time="7.454" errors="0" timestamp="2023-10-17T09:47:48 IST" skipped="0">
  <testcase classname="com.Testcases.Edit_ProfileTestjava" name="search" time="7.454"/>
</testsuite> <!-- com.Testcases.Edit_ProfileTestjava -->
