<?xml version="1.0" encoding="UTF-8"?>
<!-- Generated by org.testng.reporters.JUnitReportReporter -->
<testsuite hostname="DESKTOP-U6KPM7I" failures="0" tests="1" name="com.Testcases.ProductTest3" time="25.549" errors="0" timestamp="2023-09-15T10:47:05 IST" skipped="0">
  <testcase classname="com.Testcases.ProductTest3" name="verifyurl" time="25.549"/>
</testsuite> <!-- com.Testcases.ProductTest3 -->
