<?xml version="1.0" encoding="UTF-8"?>
<!-- Generated by org.testng.reporters.JUnitReportReporter -->
<testsuite hostname="DESKTOP-U6KPM7I" failures="0" tests="1" name="com.Testcases.LoginTest" time="34.656" errors="0" timestamp="2023-09-21T10:09:02 IST" skipped="0">
  <testcase classname="com.Testcases.LoginTest" name="verifyurl" time="34.656"/>
</testsuite> <!-- com.Testcases.LoginTest -->
