<?xml version="1.0" encoding="UTF-8"?>
<!-- Generated by org.testng.reporters.JUnitReportReporter -->
<testsuite hostname="DESKTOP-U6KPM7I" failures="0" tests="1" name="com.Testcases.ProductTest1" time="21.709" errors="0" timestamp="2023-09-15T10:30:09 IST" skipped="0">
  <testcase classname="com.Testcases.ProductTest1" name="verifyurl" time="21.709"/>
</testsuite> <!-- com.Testcases.ProductTest1 -->
